<?xml version="1.0" encoding="UTF-8"?>
<testng-results ignored="0" total="1" passed="1" failed="0" skipped="0">
  <reporter-output>
  </reporter-output>
  <suite started-at="2020-09-29T14:15:16 EDT" name="Default suite" finished-at="2020-09-29T14:15:58 EDT" duration-ms="42763">
    <groups>
    </groups>
    <test started-at="2020-09-29T14:15:16 EDT" name="Default test" finished-at="2020-09-29T14:15:58 EDT" duration-ms="42763">
      <class name="EndToEndTest.AmazonTest">
        <test-method is-config="true" signature="setupDriver()[pri:0, instance:EndToEndTest.AmazonTest@3b938003]" started-at="2020-09-29T14:15:16 EDT" name="setupDriver" finished-at="2020-09-29T14:15:18 EDT" duration-ms="2705" status="PASS">
          <reporter-output>
          </reporter-output>
        </test-method> <!-- setupDriver -->
        <test-method signature="amazonTesting()[pri:0, instance:EndToEndTest.AmazonTest@3b938003]" started-at="2020-09-29T14:15:18 EDT" name="amazonTesting" finished-at="2020-09-29T14:15:58 EDT" duration-ms="39953" status="PASS">
          <reporter-output>
          </reporter-output>
        </test-method> <!-- amazonTesting -->
      </class> <!-- EndToEndTest.AmazonTest -->
    </test> <!-- Default test -->
  </suite> <!-- Default suite -->
</testng-results>
